The system is: Linux - 3.9.2-1-ARCH - x86_64
Compiling the C compiler identification source file "CMakeCCompilerId.c" succeeded.
Compiler: /usr/bin/cc 
Build flags: 
Id flags: 

The output was:
0


Compilation of the C compiler identification source "CMakeCCompilerId.c" produced "a.out"

The C compiler identification is GNU, found in "/home/t0m/dev/sbrts/examples/sfml/CMakeFiles/2.8.11.1/CompilerIdC/a.out"

Compiling the CXX compiler identification source file "CMakeCXXCompilerId.cpp" succeeded.
Compiler: /usr/bin/c++ 
Build flags: 
Id flags: 

The output was:
0


Compilation of the CXX compiler identification source "CMakeCXXCompilerId.cpp" produced "a.out"

The CXX compiler identification is GNU, found in "/home/t0m/dev/sbrts/examples/sfml/CMakeFiles/2.8.11.1/CompilerIdCXX/a.out"

Determining if the C compiler works passed with the following output:
Change Dir: /home/t0m/dev/sbrts/examples/sfml/CMakeFiles/CMakeTmp

Run Build Command:/usr/bin/make "cmTryCompileExec3195946824/fast"
/usr/bin/make -f CMakeFiles/cmTryCompileExec3195946824.dir/build.make CMakeFiles/cmTryCompileExec3195946824.dir/build
make[1] : on entre dans le répertoire « /home/t0m/dev/sbrts/examples/sfml/CMakeFiles/CMakeTmp »
/usr/bin/cmake -E cmake_progress_report /home/t0m/dev/sbrts/examples/sfml/CMakeFiles/CMakeTmp/CMakeFiles 1
Building C object CMakeFiles/cmTryCompileExec3195946824.dir/testCCompiler.c.o
/usr/bin/cc    -o CMakeFiles/cmTryCompileExec3195946824.dir/testCCompiler.c.o   -c /home/t0m/dev/sbrts/examples/sfml/CMakeFiles/CMakeTmp/testCCompiler.c
Linking C executable cmTryCompileExec3195946824
/usr/bin/cmake -E cmake_link_script CMakeFiles/cmTryCompileExec3195946824.dir/link.txt --verbose=1
/usr/bin/cc         CMakeFiles/cmTryCompileExec3195946824.dir/testCCompiler.c.o  -o cmTryCompileExec3195946824 -rdynamic 
make[1] : on quitte le répertoire « /home/t0m/dev/sbrts/examples/sfml/CMakeFiles/CMakeTmp »


Detecting C compiler ABI info compiled with the following output:
Change Dir: /home/t0m/dev/sbrts/examples/sfml/CMakeFiles/CMakeTmp

Run Build Command:/usr/bin/make "cmTryCompileExec471344291/fast"
/usr/bin/make -f CMakeFiles/cmTryCompileExec471344291.dir/build.make CMakeFiles/cmTryCompileExec471344291.dir/build
make[1] : on entre dans le répertoire « /home/t0m/dev/sbrts/examples/sfml/CMakeFiles/CMakeTmp »
/usr/bin/cmake -E cmake_progress_report /home/t0m/dev/sbrts/examples/sfml/CMakeFiles/CMakeTmp/CMakeFiles 1
Building C object CMakeFiles/cmTryCompileExec471344291.dir/CMakeCCompilerABI.c.o
/usr/bin/cc    -o CMakeFiles/cmTryCompileExec471344291.dir/CMakeCCompilerABI.c.o   -c /usr/share/cmake-2.8/Modules/CMakeCCompilerABI.c
Linking C executable cmTryCompileExec471344291
/usr/bin/cmake -E cmake_link_script CMakeFiles/cmTryCompileExec471344291.dir/link.txt --verbose=1
/usr/bin/cc       -v CMakeFiles/cmTryCompileExec471344291.dir/CMakeCCompilerABI.c.o  -o cmTryCompileExec471344291 -rdynamic  
Utilisation des specs internes.
COLLECT_GCC=/usr/bin/cc
COLLECT_LTO_WRAPPER=/usr/lib/gcc/x86_64-unknown-linux-gnu/4.8.0/lto-wrapper
Target: x86_64-unknown-linux-gnu
Configuré avec: /build/src/gcc-4.8-20130502/configure --prefix=/usr --libdir=/usr/lib --libexecdir=/usr/lib --mandir=/usr/share/man --infodir=/usr/share/info --with-bugurl=https://bugs.archlinux.org/ --enable-languages=c,c++,ada,fortran,go,lto,objc,obj-c++ --enable-shared --enable-threads=posix --with-system-zlib --enable-__cxa_atexit --disable-libunwind-exceptions --enable-clocale=gnu --disable-libstdcxx-pch --enable-gnu-unique-object --enable-linker-build-id --enable-cloog-backend=isl --disable-cloog-version-check --enable-lto --enable-gold --enable-ld=default --enable-plugin --with-plugin-ld=ld.gold --with-linker-hash-style=gnu --disable-install-libiberty --disable-multilib --disable-libssp --disable-werror --enable-checking=release
Modèle de thread: posix
gcc version 4.8.0 20130502 (prerelease) (GCC) 
COMPILER_PATH=/usr/lib/gcc/x86_64-unknown-linux-gnu/4.8.0/:/usr/lib/gcc/x86_64-unknown-linux-gnu/4.8.0/:/usr/lib/gcc/x86_64-unknown-linux-gnu/:/usr/lib/gcc/x86_64-unknown-linux-gnu/4.8.0/:/usr/lib/gcc/x86_64-unknown-linux-gnu/
LIBRARY_PATH=/usr/lib/gcc/x86_64-unknown-linux-gnu/4.8.0/:/usr/lib/gcc/x86_64-unknown-linux-gnu/4.8.0/../../../../lib/:/lib/../lib/:/usr/lib/../lib/:/usr/lib/gcc/x86_64-unknown-linux-gnu/4.8.0/../../../:/lib/:/usr/lib/
COLLECT_GCC_OPTIONS='-v' '-o' 'cmTryCompileExec471344291' '-rdynamic' '-mtune=generic' '-march=x86-64'
 /usr/lib/gcc/x86_64-unknown-linux-gnu/4.8.0/collect2 --build-id --eh-frame-hdr --hash-style=gnu -m elf_x86_64 -export-dynamic -dynamic-linker /lib64/ld-linux-x86-64.so.2 -o cmTryCompileExec471344291 /usr/lib/gcc/x86_64-unknown-linux-gnu/4.8.0/../../../../lib/crt1.o /usr/lib/gcc/x86_64-unknown-linux-gnu/4.8.0/../../../../lib/crti.o /usr/lib/gcc/x86_64-unknown-linux-gnu/4.8.0/crtbegin.o -L/usr/lib/gcc/x86_64-unknown-linux-gnu/4.8.0 -L/usr/lib/gcc/x86_64-unknown-linux-gnu/4.8.0/../../../../lib -L/lib/../lib -L/usr/lib/../lib -L/usr/lib/gcc/x86_64-unknown-linux-gnu/4.8.0/../../.. CMakeFiles/cmTryCompileExec471344291.dir/CMakeCCompilerABI.c.o -lgcc --as-needed -lgcc_s --no-as-needed -lc -lgcc --as-needed -lgcc_s --no-as-needed /usr/lib/gcc/x86_64-unknown-linux-gnu/4.8.0/crtend.o /usr/lib/gcc/x86_64-unknown-linux-gnu/4.8.0/../../../../lib/crtn.o
make[1] : on quitte le répertoire « /home/t0m/dev/sbrts/examples/sfml/CMakeFiles/CMakeTmp »


Parsed C implicit link information from above output:
  link line regex: [^( *|.*[/\])(ld|ld|collect2)[^/\]*( |$)]
  ignore line: [Change Dir: /home/t0m/dev/sbrts/examples/sfml/CMakeFiles/CMakeTmp]
  ignore line: []
  ignore line: [Run Build Command:/usr/bin/make "cmTryCompileExec471344291/fast"]
  ignore line: [/usr/bin/make -f CMakeFiles/cmTryCompileExec471344291.dir/build.make CMakeFiles/cmTryCompileExec471344291.dir/build]
  ignore line: [make[1] : on entre dans le répertoire « /home/t0m/dev/sbrts/examples/sfml/CMakeFiles/CMakeTmp »]
  ignore line: [/usr/bin/cmake -E cmake_progress_report /home/t0m/dev/sbrts/examples/sfml/CMakeFiles/CMakeTmp/CMakeFiles 1]
  ignore line: [Building C object CMakeFiles/cmTryCompileExec471344291.dir/CMakeCCompilerABI.c.o]
  ignore line: [/usr/bin/cc    -o CMakeFiles/cmTryCompileExec471344291.dir/CMakeCCompilerABI.c.o   -c /usr/share/cmake-2.8/Modules/CMakeCCompilerABI.c]
  ignore line: [Linking C executable cmTryCompileExec471344291]
  ignore line: [/usr/bin/cmake -E cmake_link_script CMakeFiles/cmTryCompileExec471344291.dir/link.txt --verbose=1]
  ignore line: [/usr/bin/cc       -v CMakeFiles/cmTryCompileExec471344291.dir/CMakeCCompilerABI.c.o  -o cmTryCompileExec471344291 -rdynamic  ]
  ignore line: [Utilisation des specs internes.]
  ignore line: [COLLECT_GCC=/usr/bin/cc]
  ignore line: [COLLECT_LTO_WRAPPER=/usr/lib/gcc/x86_64-unknown-linux-gnu/4.8.0/lto-wrapper]
  ignore line: [Target: x86_64-unknown-linux-gnu]
  ignore line: [Configuré avec: /build/src/gcc-4.8-20130502/configure --prefix=/usr --libdir=/usr/lib --libexecdir=/usr/lib --mandir=/usr/share/man --infodir=/usr/share/info --with-bugurl=https://bugs.archlinux.org/ --enable-languages=c,c++,ada,fortran,go,lto,objc,obj-c++ --enable-shared --enable-threads=posix --with-system-zlib --enable-__cxa_atexit --disable-libunwind-exceptions --enable-clocale=gnu --disable-libstdcxx-pch --enable-gnu-unique-object --enable-linker-build-id --enable-cloog-backend=isl --disable-cloog-version-check --enable-lto --enable-gold --enable-ld=default --enable-plugin --with-plugin-ld=ld.gold --with-linker-hash-style=gnu --disable-install-libiberty --disable-multilib --disable-libssp --disable-werror --enable-checking=release]
  ignore line: [Modèle de thread: posix]
  ignore line: [gcc version 4.8.0 20130502 (prerelease) (GCC) ]
  ignore line: [COMPILER_PATH=/usr/lib/gcc/x86_64-unknown-linux-gnu/4.8.0/:/usr/lib/gcc/x86_64-unknown-linux-gnu/4.8.0/:/usr/lib/gcc/x86_64-unknown-linux-gnu/:/usr/lib/gcc/x86_64-unknown-linux-gnu/4.8.0/:/usr/lib/gcc/x86_64-unknown-linux-gnu/]
  ignore line: [LIBRARY_PATH=/usr/lib/gcc/x86_64-unknown-linux-gnu/4.8.0/:/usr/lib/gcc/x86_64-unknown-linux-gnu/4.8.0/../../../../lib/:/lib/../lib/:/usr/lib/../lib/:/usr/lib/gcc/x86_64-unknown-linux-gnu/4.8.0/../../../:/lib/:/usr/lib/]
  ignore line: [COLLECT_GCC_OPTIONS='-v' '-o' 'cmTryCompileExec471344291' '-rdynamic' '-mtune=generic' '-march=x86-64']
  link line: [ /usr/lib/gcc/x86_64-unknown-linux-gnu/4.8.0/collect2 --build-id --eh-frame-hdr --hash-style=gnu -m elf_x86_64 -export-dynamic -dynamic-linker /lib64/ld-linux-x86-64.so.2 -o cmTryCompileExec471344291 /usr/lib/gcc/x86_64-unknown-linux-gnu/4.8.0/../../../../lib/crt1.o /usr/lib/gcc/x86_64-unknown-linux-gnu/4.8.0/../../../../lib/crti.o /usr/lib/gcc/x86_64-unknown-linux-gnu/4.8.0/crtbegin.o -L/usr/lib/gcc/x86_64-unknown-linux-gnu/4.8.0 -L/usr/lib/gcc/x86_64-unknown-linux-gnu/4.8.0/../../../../lib -L/lib/../lib -L/usr/lib/../lib -L/usr/lib/gcc/x86_64-unknown-linux-gnu/4.8.0/../../.. CMakeFiles/cmTryCompileExec471344291.dir/CMakeCCompilerABI.c.o -lgcc --as-needed -lgcc_s --no-as-needed -lc -lgcc --as-needed -lgcc_s --no-as-needed /usr/lib/gcc/x86_64-unknown-linux-gnu/4.8.0/crtend.o /usr/lib/gcc/x86_64-unknown-linux-gnu/4.8.0/../../../../lib/crtn.o]
    arg [/usr/lib/gcc/x86_64-unknown-linux-gnu/4.8.0/collect2] ==> ignore
    arg [--build-id] ==> ignore
    arg [--eh-frame-hdr] ==> ignore
    arg [--hash-style=gnu] ==> ignore
    arg [-m] ==> ignore
    arg [elf_x86_64] ==> ignore
    arg [-export-dynamic] ==> ignore
    arg [-dynamic-linker] ==> ignore
    arg [/lib64/ld-linux-x86-64.so.2] ==> ignore
    arg [-o] ==> ignore
    arg [cmTryCompileExec471344291] ==> ignore
    arg [/usr/lib/gcc/x86_64-unknown-linux-gnu/4.8.0/../../../../lib/crt1.o] ==> ignore
    arg [/usr/lib/gcc/x86_64-unknown-linux-gnu/4.8.0/../../../../lib/crti.o] ==> ignore
    arg [/usr/lib/gcc/x86_64-unknown-linux-gnu/4.8.0/crtbegin.o] ==> ignore
    arg [-L/usr/lib/gcc/x86_64-unknown-linux-gnu/4.8.0] ==> dir [/usr/lib/gcc/x86_64-unknown-linux-gnu/4.8.0]
    arg [-L/usr/lib/gcc/x86_64-unknown-linux-gnu/4.8.0/../../../../lib] ==> dir [/usr/lib/gcc/x86_64-unknown-linux-gnu/4.8.0/../../../../lib]
    arg [-L/lib/../lib] ==> dir [/lib/../lib]
    arg [-L/usr/lib/../lib] ==> dir [/usr/lib/../lib]
    arg [-L/usr/lib/gcc/x86_64-unknown-linux-gnu/4.8.0/../../..] ==> dir [/usr/lib/gcc/x86_64-unknown-linux-gnu/4.8.0/../../..]
    arg [CMakeFiles/cmTryCompileExec471344291.dir/CMakeCCompilerABI.c.o] ==> ignore
    arg [-lgcc] ==> lib [gcc]
    arg [--as-needed] ==> ignore
    arg [-lgcc_s] ==> lib [gcc_s]
    arg [--no-as-needed] ==> ignore
    arg [-lc] ==> lib [c]
    arg [-lgcc] ==> lib [gcc]
    arg [--as-needed] ==> ignore
    arg [-lgcc_s] ==> lib [gcc_s]
    arg [--no-as-needed] ==> ignore
    arg [/usr/lib/gcc/x86_64-unknown-linux-gnu/4.8.0/crtend.o] ==> ignore
    arg [/usr/lib/gcc/x86_64-unknown-linux-gnu/4.8.0/../../../../lib/crtn.o] ==> ignore
  remove lib [gcc]
  remove lib [gcc_s]
  remove lib [gcc]
  remove lib [gcc_s]
  collapse library dir [/usr/lib/gcc/x86_64-unknown-linux-gnu/4.8.0] ==> [/usr/lib/gcc/x86_64-unknown-linux-gnu/4.8.0]
  collapse library dir [/usr/lib/gcc/x86_64-unknown-linux-gnu/4.8.0/../../../../lib] ==> [/usr/lib]
  collapse library dir [/lib/../lib] ==> [/lib]
  collapse library dir [/usr/lib/../lib] ==> [/usr/lib]
  collapse library dir [/usr/lib/gcc/x86_64-unknown-linux-gnu/4.8.0/../../..] ==> [/usr/lib]
  implicit libs: [c]
  implicit dirs: [/usr/lib/gcc/x86_64-unknown-linux-gnu/4.8.0;/usr/lib;/lib]
  implicit fwks: []


Determining if the CXX compiler works passed with the following output:
Change Dir: /home/t0m/dev/sbrts/examples/sfml/CMakeFiles/CMakeTmp

Run Build Command:/usr/bin/make "cmTryCompileExec2826189246/fast"
/usr/bin/make -f CMakeFiles/cmTryCompileExec2826189246.dir/build.make CMakeFiles/cmTryCompileExec2826189246.dir/build
make[1] : on entre dans le répertoire « /home/t0m/dev/sbrts/examples/sfml/CMakeFiles/CMakeTmp »
/usr/bin/cmake -E cmake_progress_report /home/t0m/dev/sbrts/examples/sfml/CMakeFiles/CMakeTmp/CMakeFiles 1
Building CXX object CMakeFiles/cmTryCompileExec2826189246.dir/testCXXCompiler.cxx.o
/usr/bin/c++     -o CMakeFiles/cmTryCompileExec2826189246.dir/testCXXCompiler.cxx.o -c /home/t0m/dev/sbrts/examples/sfml/CMakeFiles/CMakeTmp/testCXXCompiler.cxx
Linking CXX executable cmTryCompileExec2826189246
/usr/bin/cmake -E cmake_link_script CMakeFiles/cmTryCompileExec2826189246.dir/link.txt --verbose=1
/usr/bin/c++          CMakeFiles/cmTryCompileExec2826189246.dir/testCXXCompiler.cxx.o  -o cmTryCompileExec2826189246 -rdynamic 
make[1] : on quitte le répertoire « /home/t0m/dev/sbrts/examples/sfml/CMakeFiles/CMakeTmp »


Detecting CXX compiler ABI info compiled with the following output:
Change Dir: /home/t0m/dev/sbrts/examples/sfml/CMakeFiles/CMakeTmp

Run Build Command:/usr/bin/make "cmTryCompileExec320425256/fast"
/usr/bin/make -f CMakeFiles/cmTryCompileExec320425256.dir/build.make CMakeFiles/cmTryCompileExec320425256.dir/build
make[1] : on entre dans le répertoire « /home/t0m/dev/sbrts/examples/sfml/CMakeFiles/CMakeTmp »
/usr/bin/cmake -E cmake_progress_report /home/t0m/dev/sbrts/examples/sfml/CMakeFiles/CMakeTmp/CMakeFiles 1
Building CXX object CMakeFiles/cmTryCompileExec320425256.dir/CMakeCXXCompilerABI.cpp.o
/usr/bin/c++     -o CMakeFiles/cmTryCompileExec320425256.dir/CMakeCXXCompilerABI.cpp.o -c /usr/share/cmake-2.8/Modules/CMakeCXXCompilerABI.cpp
Linking CXX executable cmTryCompileExec320425256
/usr/bin/cmake -E cmake_link_script CMakeFiles/cmTryCompileExec320425256.dir/link.txt --verbose=1
/usr/bin/c++        -v CMakeFiles/cmTryCompileExec320425256.dir/CMakeCXXCompilerABI.cpp.o  -o cmTryCompileExec320425256 -rdynamic  
Utilisation des specs internes.
COLLECT_GCC=/usr/bin/c++
COLLECT_LTO_WRAPPER=/usr/lib/gcc/x86_64-unknown-linux-gnu/4.8.0/lto-wrapper
Target: x86_64-unknown-linux-gnu
Configuré avec: /build/src/gcc-4.8-20130502/configure --prefix=/usr --libdir=/usr/lib --libexecdir=/usr/lib --mandir=/usr/share/man --infodir=/usr/share/info --with-bugurl=https://bugs.archlinux.org/ --enable-languages=c,c++,ada,fortran,go,lto,objc,obj-c++ --enable-shared --enable-threads=posix --with-system-zlib --enable-__cxa_atexit --disable-libunwind-exceptions --enable-clocale=gnu --disable-libstdcxx-pch --enable-gnu-unique-object --enable-linker-build-id --enable-cloog-backend=isl --disable-cloog-version-check --enable-lto --enable-gold --enable-ld=default --enable-plugin --with-plugin-ld=ld.gold --with-linker-hash-style=gnu --disable-install-libiberty --disable-multilib --disable-libssp --disable-werror --enable-checking=release
Modèle de thread: posix
gcc version 4.8.0 20130502 (prerelease) (GCC) 
COMPILER_PATH=/usr/lib/gcc/x86_64-unknown-linux-gnu/4.8.0/:/usr/lib/gcc/x86_64-unknown-linux-gnu/4.8.0/:/usr/lib/gcc/x86_64-unknown-linux-gnu/:/usr/lib/gcc/x86_64-unknown-linux-gnu/4.8.0/:/usr/lib/gcc/x86_64-unknown-linux-gnu/
LIBRARY_PATH=/usr/lib/gcc/x86_64-unknown-linux-gnu/4.8.0/:/usr/lib/gcc/x86_64-unknown-linux-gnu/4.8.0/../../../../lib/:/lib/../lib/:/usr/lib/../lib/:/usr/lib/gcc/x86_64-unknown-linux-gnu/4.8.0/../../../:/lib/:/usr/lib/
COLLECT_GCC_OPTIONS='-v' '-o' 'cmTryCompileExec320425256' '-rdynamic' '-shared-libgcc' '-mtune=generic' '-march=x86-64'
 /usr/lib/gcc/x86_64-unknown-linux-gnu/4.8.0/collect2 --build-id --eh-frame-hdr --hash-style=gnu -m elf_x86_64 -export-dynamic -dynamic-linker /lib64/ld-linux-x86-64.so.2 -o cmTryCompileExec320425256 /usr/lib/gcc/x86_64-unknown-linux-gnu/4.8.0/../../../../lib/crt1.o /usr/lib/gcc/x86_64-unknown-linux-gnu/4.8.0/../../../../lib/crti.o /usr/lib/gcc/x86_64-unknown-linux-gnu/4.8.0/crtbegin.o -L/usr/lib/gcc/x86_64-unknown-linux-gnu/4.8.0 -L/usr/lib/gcc/x86_64-unknown-linux-gnu/4.8.0/../../../../lib -L/lib/../lib -L/usr/lib/../lib -L/usr/lib/gcc/x86_64-unknown-linux-gnu/4.8.0/../../.. CMakeFiles/cmTryCompileExec320425256.dir/CMakeCXXCompilerABI.cpp.o -lstdc++ -lm -lgcc_s -lgcc -lc -lgcc_s -lgcc /usr/lib/gcc/x86_64-unknown-linux-gnu/4.8.0/crtend.o /usr/lib/gcc/x86_64-unknown-linux-gnu/4.8.0/../../../../lib/crtn.o
make[1] : on quitte le répertoire « /home/t0m/dev/sbrts/examples/sfml/CMakeFiles/CMakeTmp »


Parsed CXX implicit link information from above output:
  link line regex: [^( *|.*[/\])(ld|ld|collect2)[^/\]*( |$)]
  ignore line: [Change Dir: /home/t0m/dev/sbrts/examples/sfml/CMakeFiles/CMakeTmp]
  ignore line: []
  ignore line: [Run Build Command:/usr/bin/make "cmTryCompileExec320425256/fast"]
  ignore line: [/usr/bin/make -f CMakeFiles/cmTryCompileExec320425256.dir/build.make CMakeFiles/cmTryCompileExec320425256.dir/build]
  ignore line: [make[1] : on entre dans le répertoire « /home/t0m/dev/sbrts/examples/sfml/CMakeFiles/CMakeTmp »]
  ignore line: [/usr/bin/cmake -E cmake_progress_report /home/t0m/dev/sbrts/examples/sfml/CMakeFiles/CMakeTmp/CMakeFiles 1]
  ignore line: [Building CXX object CMakeFiles/cmTryCompileExec320425256.dir/CMakeCXXCompilerABI.cpp.o]
  ignore line: [/usr/bin/c++     -o CMakeFiles/cmTryCompileExec320425256.dir/CMakeCXXCompilerABI.cpp.o -c /usr/share/cmake-2.8/Modules/CMakeCXXCompilerABI.cpp]
  ignore line: [Linking CXX executable cmTryCompileExec320425256]
  ignore line: [/usr/bin/cmake -E cmake_link_script CMakeFiles/cmTryCompileExec320425256.dir/link.txt --verbose=1]
  ignore line: [/usr/bin/c++        -v CMakeFiles/cmTryCompileExec320425256.dir/CMakeCXXCompilerABI.cpp.o  -o cmTryCompileExec320425256 -rdynamic  ]
  ignore line: [Utilisation des specs internes.]
  ignore line: [COLLECT_GCC=/usr/bin/c++]
  ignore line: [COLLECT_LTO_WRAPPER=/usr/lib/gcc/x86_64-unknown-linux-gnu/4.8.0/lto-wrapper]
  ignore line: [Target: x86_64-unknown-linux-gnu]
  ignore line: [Configuré avec: /build/src/gcc-4.8-20130502/configure --prefix=/usr --libdir=/usr/lib --libexecdir=/usr/lib --mandir=/usr/share/man --infodir=/usr/share/info --with-bugurl=https://bugs.archlinux.org/ --enable-languages=c,c++,ada,fortran,go,lto,objc,obj-c++ --enable-shared --enable-threads=posix --with-system-zlib --enable-__cxa_atexit --disable-libunwind-exceptions --enable-clocale=gnu --disable-libstdcxx-pch --enable-gnu-unique-object --enable-linker-build-id --enable-cloog-backend=isl --disable-cloog-version-check --enable-lto --enable-gold --enable-ld=default --enable-plugin --with-plugin-ld=ld.gold --with-linker-hash-style=gnu --disable-install-libiberty --disable-multilib --disable-libssp --disable-werror --enable-checking=release]
  ignore line: [Modèle de thread: posix]
  ignore line: [gcc version 4.8.0 20130502 (prerelease) (GCC) ]
  ignore line: [COMPILER_PATH=/usr/lib/gcc/x86_64-unknown-linux-gnu/4.8.0/:/usr/lib/gcc/x86_64-unknown-linux-gnu/4.8.0/:/usr/lib/gcc/x86_64-unknown-linux-gnu/:/usr/lib/gcc/x86_64-unknown-linux-gnu/4.8.0/:/usr/lib/gcc/x86_64-unknown-linux-gnu/]
  ignore line: [LIBRARY_PATH=/usr/lib/gcc/x86_64-unknown-linux-gnu/4.8.0/:/usr/lib/gcc/x86_64-unknown-linux-gnu/4.8.0/../../../../lib/:/lib/../lib/:/usr/lib/../lib/:/usr/lib/gcc/x86_64-unknown-linux-gnu/4.8.0/../../../:/lib/:/usr/lib/]
  ignore line: [COLLECT_GCC_OPTIONS='-v' '-o' 'cmTryCompileExec320425256' '-rdynamic' '-shared-libgcc' '-mtune=generic' '-march=x86-64']
  link line: [ /usr/lib/gcc/x86_64-unknown-linux-gnu/4.8.0/collect2 --build-id --eh-frame-hdr --hash-style=gnu -m elf_x86_64 -export-dynamic -dynamic-linker /lib64/ld-linux-x86-64.so.2 -o cmTryCompileExec320425256 /usr/lib/gcc/x86_64-unknown-linux-gnu/4.8.0/../../../../lib/crt1.o /usr/lib/gcc/x86_64-unknown-linux-gnu/4.8.0/../../../../lib/crti.o /usr/lib/gcc/x86_64-unknown-linux-gnu/4.8.0/crtbegin.o -L/usr/lib/gcc/x86_64-unknown-linux-gnu/4.8.0 -L/usr/lib/gcc/x86_64-unknown-linux-gnu/4.8.0/../../../../lib -L/lib/../lib -L/usr/lib/../lib -L/usr/lib/gcc/x86_64-unknown-linux-gnu/4.8.0/../../.. CMakeFiles/cmTryCompileExec320425256.dir/CMakeCXXCompilerABI.cpp.o -lstdc++ -lm -lgcc_s -lgcc -lc -lgcc_s -lgcc /usr/lib/gcc/x86_64-unknown-linux-gnu/4.8.0/crtend.o /usr/lib/gcc/x86_64-unknown-linux-gnu/4.8.0/../../../../lib/crtn.o]
    arg [/usr/lib/gcc/x86_64-unknown-linux-gnu/4.8.0/collect2] ==> ignore
    arg [--build-id] ==> ignore
    arg [--eh-frame-hdr] ==> ignore
    arg [--hash-style=gnu] ==> ignore
    arg [-m] ==> ignore
    arg [elf_x86_64] ==> ignore
    arg [-export-dynamic] ==> ignore
    arg [-dynamic-linker] ==> ignore
    arg [/lib64/ld-linux-x86-64.so.2] ==> ignore
    arg [-o] ==> ignore
    arg [cmTryCompileExec320425256] ==> ignore
    arg [/usr/lib/gcc/x86_64-unknown-linux-gnu/4.8.0/../../../../lib/crt1.o] ==> ignore
    arg [/usr/lib/gcc/x86_64-unknown-linux-gnu/4.8.0/../../../../lib/crti.o] ==> ignore
    arg [/usr/lib/gcc/x86_64-unknown-linux-gnu/4.8.0/crtbegin.o] ==> ignore
    arg [-L/usr/lib/gcc/x86_64-unknown-linux-gnu/4.8.0] ==> dir [/usr/lib/gcc/x86_64-unknown-linux-gnu/4.8.0]
    arg [-L/usr/lib/gcc/x86_64-unknown-linux-gnu/4.8.0/../../../../lib] ==> dir [/usr/lib/gcc/x86_64-unknown-linux-gnu/4.8.0/../../../../lib]
    arg [-L/lib/../lib] ==> dir [/lib/../lib]
    arg [-L/usr/lib/../lib] ==> dir [/usr/lib/../lib]
    arg [-L/usr/lib/gcc/x86_64-unknown-linux-gnu/4.8.0/../../..] ==> dir [/usr/lib/gcc/x86_64-unknown-linux-gnu/4.8.0/../../..]
    arg [CMakeFiles/cmTryCompileExec320425256.dir/CMakeCXXCompilerABI.cpp.o] ==> ignore
    arg [-lstdc++] ==> lib [stdc++]
    arg [-lm] ==> lib [m]
    arg [-lgcc_s] ==> lib [gcc_s]
    arg [-lgcc] ==> lib [gcc]
    arg [-lc] ==> lib [c]
    arg [-lgcc_s] ==> lib [gcc_s]
    arg [-lgcc] ==> lib [gcc]
    arg [/usr/lib/gcc/x86_64-unknown-linux-gnu/4.8.0/crtend.o] ==> ignore
    arg [/usr/lib/gcc/x86_64-unknown-linux-gnu/4.8.0/../../../../lib/crtn.o] ==> ignore
  remove lib [gcc_s]
  remove lib [gcc]
  remove lib [gcc_s]
  remove lib [gcc]
  collapse library dir [/usr/lib/gcc/x86_64-unknown-linux-gnu/4.8.0] ==> [/usr/lib/gcc/x86_64-unknown-linux-gnu/4.8.0]
  collapse library dir [/usr/lib/gcc/x86_64-unknown-linux-gnu/4.8.0/../../../../lib] ==> [/usr/lib]
  collapse library dir [/lib/../lib] ==> [/lib]
  collapse library dir [/usr/lib/../lib] ==> [/usr/lib]
  collapse library dir [/usr/lib/gcc/x86_64-unknown-linux-gnu/4.8.0/../../..] ==> [/usr/lib]
  implicit libs: [stdc++;m;c]
  implicit dirs: [/usr/lib/gcc/x86_64-unknown-linux-gnu/4.8.0;/usr/lib;/lib]
  implicit fwks: []


